{"level":"info","message":"Initializing driver for safari browser...","timestamp":"2024-03-12 23:20:59"}
{"level":"info","message":"Driver initialized successfully for safari browser.","timestamp":"2024-03-12 23:21:02"}
{"level":"info","message":"reading first row","timestamp":"2024-03-12 23:21:02"}
{"level":"info","message":"user1","timestamp":"2024-03-12 23:21:02"}
{"level":"info","message":"Sending keys \"student\" to element located by: By(css selector, *[id=\"username\"])","timestamp":"2024-03-12 23:21:02"}
{"level":"info","message":"Keys sent successfully.","timestamp":"2024-03-12 23:21:02"}
{"level":"info","message":"Scrolling on element located by: By(css selector, *[id=\"password\"])","timestamp":"2024-03-12 23:21:02"}
{"level":"info","message":"Scroll successfull","timestamp":"2024-03-12 23:21:02"}
{"level":"info","message":"Sending keys \"Password123\" to element located by: By(css selector, *[id=\"password\"])","timestamp":"2024-03-12 23:21:02"}
{"level":"info","message":"Keys sent successfully.","timestamp":"2024-03-12 23:21:02"}
{"level":"info","message":"Scrolling on element located by: By(css selector, *[id=\"submit\"])","timestamp":"2024-03-12 23:21:02"}
{"level":"info","message":"Scroll successfull","timestamp":"2024-03-12 23:21:02"}
{"level":"info","message":"Clicking on element located by: By(css selector, *[id=\"submit\"])","timestamp":"2024-03-12 23:21:02"}
{"level":"info","message":"Click successful.","timestamp":"2024-03-12 23:21:02"}
{"level":"info","message":"Sleeping for 5000 milliseconds...","timestamp":"2024-03-12 23:21:02"}
{"level":"info","message":"Sleep finished.","timestamp":"2024-03-12 23:21:07"}
{"level":"info","message":"Quitting driver...","timestamp":"2024-03-12 23:21:07"}
{"level":"info","message":"Initializing driver for safari browser...","timestamp":"2024-03-12 23:21:07"}
{"level":"info","message":"Driver initialized successfully for safari browser.","timestamp":"2024-03-12 23:21:10"}
{"level":"info","message":"Sending keys \"student\" to element located by: By(css selector, *[id=\"username\"])","timestamp":"2024-03-12 23:21:10"}
{"level":"info","message":"Keys sent successfully.","timestamp":"2024-03-12 23:21:10"}
{"level":"info","message":"Scrolling on element located by: By(css selector, *[id=\"password\"])","timestamp":"2024-03-12 23:21:10"}
{"level":"info","message":"Scroll successfull","timestamp":"2024-03-12 23:21:10"}
{"level":"info","message":"Sending keys \"Password123\" to element located by: By(css selector, *[id=\"password\"])","timestamp":"2024-03-12 23:21:10"}
{"level":"info","message":"Keys sent successfully.","timestamp":"2024-03-12 23:21:10"}
{"level":"info","message":"Scrolling on element located by: By(css selector, *[id=\"submit\"])","timestamp":"2024-03-12 23:21:10"}
{"level":"info","message":"Scroll successfull","timestamp":"2024-03-12 23:21:10"}
{"level":"info","message":"Clicking on element located by: By(css selector, *[id=\"submit\"])","timestamp":"2024-03-12 23:21:10"}
{"level":"info","message":"Click successful.","timestamp":"2024-03-12 23:21:10"}
{"level":"info","message":"Sleeping for 5000 milliseconds...","timestamp":"2024-03-12 23:21:10"}
{"level":"info","message":"Sleep finished.","timestamp":"2024-03-12 23:21:15"}
{"level":"info","message":"Quitting driver...","timestamp":"2024-03-12 23:21:16"}
